
================================================================================

  (Run Starting)

  ┌────────────────────────────────────────────────────────────────────────────────────────────────┐
  │ Cypress:        13.6.4                                                                         │
  │ Browser:        Electron 114 (headless)                                                        │
  │ Node Version:   v20.9.0 (/usr/local/bin/node)                                                  │
  │ Specs:          1 found (Typeracer.cy.ts)                                                      │
  │ Searched:       cypress/e2e/**/*.cy.{js,jsx,ts,tsx}                                            │
  └────────────────────────────────────────────────────────────────────────────────────────────────┘


────────────────────────────────────────────────────────────────────────────────────────────────────
                                                                                                    
  Running:  Typeracer.cy.ts                                                                 (1 of 1)


  Typeracer
    ✓ Components render (7609ms)
    ✓ Has working Bots (6182ms)
    ✓ Handles correct key press (4701ms)
    ✓ Handles incorrect key press (4582ms)
    ✓ Handles backspace key press (4556ms)


  5 passing (28s)


  (Results)

  ┌────────────────────────────────────────────────────────────────────────────────────────────────┐
  │ Tests:        5                                                                                │
  │ Passing:      5                                                                                │
  │ Failing:      0                                                                                │
  │ Pending:      0                                                                                │
  │ Skipped:      0                                                                                │
  │ Screenshots:  0                                                                                │
  │ Video:        false                                                                            │
  │ Duration:     28 seconds                                                                       │
  │ Spec Ran:     Typeracer.cy.ts                                                                  │
  └────────────────────────────────────────────────────────────────────────────────────────────────┘


================================================================================

  (Run Finished)


       Spec                                              Tests  Passing  Failing  Pending  Skipped  
  ┌────────────────────────────────────────────────────────────────────────────────────────────────┐
  │ ✔  Typeracer.cy.ts                          00:28        5        5        -        -        - │
  └────────────────────────────────────────────────────────────────────────────────────────────────┘
    ✔  All specs passed!                        00:28        5        5        -        -        -  

