
================================================================================

  (Run Starting)

  ┌────────────────────────────────────────────────────────────────────────────────────────────────┐
  │ Cypress:        13.6.4                                                                         │
  │ Browser:        Electron 114 (headless)                                                        │
  │ Node Version:   v20.9.0 (/usr/local/bin/node)                                                  │
  │ Specs:          1 found (Typeracer.cy.ts)                                                      │
  │ Searched:       cypress/e2e/**/*.cy.{js,jsx,ts,tsx}                                            │
  └────────────────────────────────────────────────────────────────────────────────────────────────┘


────────────────────────────────────────────────────────────────────────────────────────────────────
                                                                                                    
  Running:  Typeracer.cy.ts                                                                 (1 of 1)


  Typeracer
    ✓ Components render (927ms)
    ✓ Has working Game-State (1814ms)
    ✓ Has working Tick-Delay-Slider (418ms)
    ✓ Has a working bot-setup popup (530ms)
    ✓ Has a working game-setup popup (551ms)
    ✓ Has working Bots (9178ms)
    ✓ Handles correct key press (4806ms)
    1) Handles Human Winner
    ✓ Handles incorrect key press (4734ms)
    ✓ Handles backspace key press (4634ms)


  9 passing (33s)
  1 failing

  1) Typeracer
       Handles Human Winner:
     CypressError: `cy.type()` failed because it requires a valid typeable element.

The element typed into was:

  > `<div tabindex="0" class="textbox">...</div>`

  A typeable element matches one of the following selectors:
  `a[href]`
  `area[href]`
  `input`
  `select`
  `textarea`
  `button`
  `iframe`
  `[tabindex]`
  `[contenteditable]`

https://on.cypress.io/type
      at <unknown> (http://localhost:4200/__cypress/runner/cypress_runner.js:114797:76)
      at tryCatcher (http://localhost:4200/__cypress/runner/cypress_runner.js:1807:23)
      at Promise._settlePromiseFromHandler (http://localhost:4200/__cypress/runner/cypress_runner.js:1519:31)
      at Promise._settlePromise (http://localhost:4200/__cypress/runner/cypress_runner.js:1576:18)
      at Promise._settlePromise0 (http://localhost:4200/__cypress/runner/cypress_runner.js:1621:10)
      at Promise._settlePromises (http://localhost:4200/__cypress/runner/cypress_runner.js:1701:18)
      at _drainQueueStep (http://localhost:4200/__cypress/runner/cypress_runner.js:2407:12)
      at _drainQueue (http://localhost:4200/__cypress/runner/cypress_runner.js:2400:9)
      at Async._drainQueues (http://localhost:4200/__cypress/runner/cypress_runner.js:2416:5)
      at Async.drainQueues (http://localhost:4200/__cypress/runner/cypress_runner.js:2286:14)
  From Your Spec Code:
      at focusAndPressKeyInTextbox (webpack://simulationsprojekt/./cypress/e2e/Typeracer.cy.ts:27:0)
      at eval (webpack://simulationsprojekt/./cypress/e2e/Typeracer.cy.ts:173:0)
  at Array.forEach (<anonymous>)
      at Context.eval (webpack://simulationsprojekt/./cypress/e2e/Typeracer.cy.ts:172:0)




  (Results)

  ┌────────────────────────────────────────────────────────────────────────────────────────────────┐
  │ Tests:        10                                                                               │
  │ Passing:      9                                                                                │
  │ Failing:      1                                                                                │
  │ Pending:      0                                                                                │
  │ Skipped:      0                                                                                │
  │ Screenshots:  1                                                                                │
  │ Video:        false                                                                            │
  │ Duration:     33 seconds                                                                       │
  │ Spec Ran:     Typeracer.cy.ts                                                                  │
  └────────────────────────────────────────────────────────────────────────────────────────────────┘


  (Screenshots)

  -  /home/peter/Documents/school/simulationsprojekt-angular/cypress/screenshots/Type     (1280x720)
     racer.cy.ts/Typeracer -- Handles Human Winner (failed).png                                     


================================================================================

  (Run Finished)


       Spec                                              Tests  Passing  Failing  Pending  Skipped  
  ┌────────────────────────────────────────────────────────────────────────────────────────────────┐
  │ ✖  Typeracer.cy.ts                          00:33       10        9        1        -        - │
  └────────────────────────────────────────────────────────────────────────────────────────────────┘
    ✖  1 of 1 failed (100%)                     00:33       10        9        1        -        -  

